[debug] [2025-07-08T17:02:04.984Z] ----------------------------------------------------------------------
[debug] [2025-07-08T17:02:04.986Z] Command:       C:\nvm4w\nodejs\node.exe C:\nvm4w\nodejs\node_modules\firebase-tools\lib\bin\firebase.js init
[debug] [2025-07-08T17:02:04.986Z] CLI Version:   14.9.0
[debug] [2025-07-08T17:02:04.987Z] Platform:      win32
[debug] [2025-07-08T17:02:04.987Z] Node Version:  v20.14.0
[debug] [2025-07-08T17:02:04.987Z] Time:          Tue Jul 08 2025 19:02:04 GMT+0200 (Mitteleuropäische Sommerzeit)
[debug] [2025-07-08T17:02:04.987Z] ----------------------------------------------------------------------
[debug] 
[debug] [2025-07-08T17:02:04.989Z] >>> [apiv2][query] GET https://firebase-public.firebaseio.com/cli.json [none]
[debug] [2025-07-08T17:02:05.187Z] > command requires scopes: ["email","openid","https://www.googleapis.com/auth/cloudplatformprojects.readonly","https://www.googleapis.com/auth/firebase","https://www.googleapis.com/auth/cloud-platform"]
[debug] [2025-07-08T17:02:05.187Z] > authorizing via signed-in user (borgotttttttt@gmail.com)
[info] 
     ######## #### ########  ######## ########     ###     ######  ########
     ##        ##  ##     ## ##       ##     ##  ##   ##  ##       ##
     ######    ##  ########  ######   ########  #########  ######  ######
     ##        ##  ##    ##  ##       ##     ## ##     ##       ## ##
     ##       #### ##     ## ######## ########  ##     ##  ######  ########

You're about to initialize a Firebase project in this directory:

  C:\Users\bix1b\Desktop\Developer Akademie\Modul 14 - Ring of Fire\ring-of-fire-app

Before we get started, keep in mind:

  * You are initializing within an existing Firebase project directory

[debug] [2025-07-08T17:02:05.512Z] <<< [apiv2][status] GET https://firebase-public.firebaseio.com/cli.json 200
[debug] [2025-07-08T17:02:05.512Z] <<< [apiv2][body] GET https://firebase-public.firebaseio.com/cli.json {"cloudBuildErrorAfter":1594252800000,"cloudBuildWarnAfter":1590019200000,"defaultNode10After":1594252800000,"minVersion":"3.0.5","node8DeploysDisabledAfter":1613390400000,"node8RuntimeDisabledAfter":1615809600000,"node8WarnAfter":1600128000000}
[info] 
=== Project Setup
[info] 
[info] First, let's associate this project directory with a Firebase project.
[info] You can create multiple project aliases by running firebase use --add, 
[info] but for now we'll just set up a default project.
[info] 
[debug] [2025-07-08T17:03:29.290Z] Checked if tokens are valid: false, expires at: 1751900034862
[debug] [2025-07-08T17:03:29.291Z] Checked if tokens are valid: false, expires at: 1751900034862
[debug] [2025-07-08T17:03:29.291Z] > refreshing access token with scopes: []
[debug] [2025-07-08T17:03:29.292Z] >>> [apiv2][query] POST https://www.googleapis.com/oauth2/v3/token [none]
[debug] [2025-07-08T17:03:29.292Z] >>> [apiv2][body] POST https://www.googleapis.com/oauth2/v3/token [omitted]
[debug] [2025-07-08T17:03:29.436Z] <<< [apiv2][status] POST https://www.googleapis.com/oauth2/v3/token 200
[debug] [2025-07-08T17:03:29.436Z] <<< [apiv2][body] POST https://www.googleapis.com/oauth2/v3/token [omitted]
[debug] [2025-07-08T17:03:29.456Z] >>> [apiv2][query] GET https://firebase.googleapis.com/v1beta1/projects pageSize=100
[debug] [2025-07-08T17:03:30.024Z] <<< [apiv2][status] GET https://firebase.googleapis.com/v1beta1/projects 200
[debug] [2025-07-08T17:03:30.024Z] <<< [apiv2][body] GET https://firebase.googleapis.com/v1beta1/projects [omitted]
[info] i  Using project ring-of-fire-fee9d (ring of fire) 
[info] 
=== Database Setup
[info] 
[info] Firebase Realtime Database Security Rules allow you to define how your data should be
[info] structured and when your data can be read from and written to.
[info] 
